host: dhcp-10-134-218-171.uawifi.arizona.edu
Building DAG of jobs...
Using shell: /bin/bash
Provided cores: 8
Rules claiming more threads will be scaled down.
Job stats:
job                count
---------------  -------
plot_throughput        1
total                  1

Select jobs to execute...
Execute 1 jobs...

[Tue Dec  3 16:01:52 2024]
localrule plot_throughput:
    input: data/throughput.txt
    output: results/throughput_plot.png
    jobid: 0
    reason: Missing output files: results/throughput_plot.png
    resources: tmpdir=/var/folders/yd/8026v_8n487265dtjz0r2sdw0000gn/T

[Tue Dec  3 16:01:54 2024]
Finished job 0.
1 of 1 steps (100%) done
Complete log: .snakemake/log/2024-12-03T160152.191771.snakemake.log
