host: dhcp-10-134-218-171.uawifi.arizona.edu
Building DAG of jobs...
Using shell: /bin/bash
Provided cores: 8
Rules claiming more threads will be scaled down.
Job stats:
job                count
---------------  -------
plot_throughput        1
total                  1

Select jobs to execute...
Execute 1 jobs...

[Tue Dec  3 15:44:59 2024]
localrule plot_throughput:
    input: data/throughput.txt
    output: results/throughput_plot.png
    jobid: 0
    reason: Missing output files: results/throughput_plot.png
    resources: tmpdir=/var/folders/yd/8026v_8n487265dtjz0r2sdw0000gn/T

[Tue Dec  3 15:45:02 2024]
Error in rule plot_throughput:
    jobid: 0
    input: data/throughput.txt
    output: results/throughput_plot.png
    shell:
        
        mkdir -p results  # Ensure the results directory exists
        mkdir -p notebooks  # Ensure the notebooks directory exists
        jupyter nbconvert --to notebook --execute scripts/plot_throughput.ipynb --output notebooks/executed_plot_throughput.ipynb --ExecutePreprocessor.timeout=-1
        
        (one of the commands exited with non-zero exit code; note that snakemake uses bash strict mode!)

Shutting down, this might take some time.
Exiting because a job execution failed. Look above for error message
Complete log: .snakemake/log/2024-12-03T154459.257075.snakemake.log
WorkflowError:
At least one job did not complete successfully.
